time="2019-12-02T18:48:25+08:00" level=info msg="[GoAdmin] \x1b[37;44m 200 \x1b[0m \x1b[37;104m GET   \x1b[0m /admin/login"
time="2019-12-02T18:48:25+08:00" level=info msg="[GoAdmin] \x1b[37;44m 200 \x1b[0m \x1b[37;104m GET   \x1b[0m /admin/assets/login/dist/all.min.css"
time="2019-12-02T18:48:25+08:00" level=info msg="[GoAdmin] \x1b[37;44m 200 \x1b[0m \x1b[37;104m GET   \x1b[0m /admin/assets/login/dist/all.min.js"
time="2019-12-02T18:48:38+08:00" level=info msg="[GoAdmin] \x1b[37;44m 400 \x1b[0m \x1b[37;104m POST   \x1b[0m /admin/signin"
time="2019-12-02T18:49:00+08:00" level=info msg="[GoAdmin] \x1b[37;44m 200 \x1b[0m \x1b[37;104m POST   \x1b[0m /admin/signin"
time="2019-12-02T18:49:00+08:00" level=info msg="[GoAdmin] \x1b[37;44m 200 \x1b[0m \x1b[37;104m GET   \x1b[0m /admin/info/manager"
time="2019-12-02T18:49:00+08:00" level=info msg="[GoAdmin] \x1b[37;44m 200 \x1b[0m \x1b[37;104m GET   \x1b[0m /admin/assets/dist/img/avatar04.png"
time="2019-12-02T18:49:00+08:00" level=info msg="[GoAdmin] \x1b[37;44m 200 \x1b[0m \x1b[37;104m GET   \x1b[0m /admin/assets/dist/css/all.min.css"
time="2019-12-02T18:49:00+08:00" level=info msg="[GoAdmin] \x1b[37;44m 200 \x1b[0m \x1b[37;104m GET   \x1b[0m /admin/assets/dist/js/content.min.js"
time="2019-12-02T18:49:00+08:00" level=info msg="[GoAdmin] \x1b[37;44m 200 \x1b[0m \x1b[37;104m GET   \x1b[0m /admin/assets/dist/js/all.min.js"
time="2019-12-02T18:49:00+08:00" level=info msg="[GoAdmin] \x1b[37;44m 200 \x1b[0m \x1b[37;104m GET   \x1b[0m /admin/assets/chart.min.js"
time="2019-12-02T18:49:00+08:00" level=info msg="[GoAdmin] \x1b[37;44m 200 \x1b[0m \x1b[37;104m GET   \x1b[0m /admin/assets/dist/js/all_2.min.js"
time="2019-12-02T18:49:00+08:00" level=info msg="[GoAdmin] \x1b[37;44m 200 \x1b[0m \x1b[37;104m GET   \x1b[0m /admin/assets/dist/fonts/fontawesome-webfont.woff2"
time="2019-12-02T18:49:00+08:00" level=info msg="[GoAdmin] \x1b[37;44m 200 \x1b[0m \x1b[37;104m GET   \x1b[0m /admin/assets/dist/css/fonts/6xK3dSBYKcSV-LCoeQqfX1RYOo3qOK7g.ttf"
time="2019-12-02T18:49:00+08:00" level=info msg="[GoAdmin] \x1b[37;44m 200 \x1b[0m \x1b[37;104m GET   \x1b[0m /admin/assets/dist/css/fonts/6xKydSBYKcSV-LCoeQqfX1RYOo3ik4zwlxdr.ttf"
time="2019-12-02T18:49:00+08:00" level=info msg="[GoAdmin] \x1b[37;44m 200 \x1b[0m \x1b[37;104m GET   \x1b[0m /admin/assets/dist/css/fonts/6xKydSBYKcSV-LCoeQqfX1RYOo3ig4vwlxdr.ttf"
time="2019-12-02T18:49:00+08:00" level=info msg="[GoAdmin] \x1b[37;44m 200 \x1b[0m \x1b[37;104m GET   \x1b[0m /admin/assets/dist/css/blue.png"
time="2019-12-02T18:49:04+08:00" level=info msg="[GoAdmin] \x1b[37;44m 200 \x1b[0m \x1b[37;104m GET   \x1b[0m /admin/info/manager"
time="2019-12-02T18:49:04+08:00" level=info msg="[GoAdmin] \x1b[37;44m 200 \x1b[0m \x1b[37;104m GET   \x1b[0m /admin/assets/dist/js/content.min.js"
time="2019-12-02T18:49:04+08:00" level=info msg="[GoAdmin] \x1b[37;44m 200 \x1b[0m \x1b[37;104m GET   \x1b[0m /admin/assets/chart.min.js"
time="2019-12-02T18:49:06+08:00" level=info msg="[GoAdmin] \x1b[37;44m 200 \x1b[0m \x1b[37;104m GET   \x1b[0m /admin/info/manager"
time="2019-12-02T18:49:07+08:00" level=info msg="[GoAdmin] \x1b[37;44m 200 \x1b[0m \x1b[37;104m GET   \x1b[0m /admin/info/roles"
time="2019-12-02T18:49:08+08:00" level=info msg="[GoAdmin] \x1b[37;44m 200 \x1b[0m \x1b[37;104m GET   \x1b[0m /admin/info/permission"
time="2019-12-02T18:49:08+08:00" level=info msg="[GoAdmin] \x1b[37;44m 200 \x1b[0m \x1b[37;104m GET   \x1b[0m /admin/menu"
time="2019-12-02T18:49:09+08:00" level=info msg="[GoAdmin] \x1b[37;44m 200 \x1b[0m \x1b[37;104m GET   \x1b[0m /admin/assets/dist/js/form.min.js"
time="2019-12-02T18:49:09+08:00" level=info msg="[GoAdmin] \x1b[37;44m 200 \x1b[0m \x1b[37;104m GET   \x1b[0m /admin/info/op"
time="2019-12-02T18:49:12+08:00" level=info msg="[GoAdmin] \x1b[37;44m 200 \x1b[0m \x1b[37;104m GET   \x1b[0m /admin/menu"
time="2019-12-02T18:49:12+08:00" level=info msg="[GoAdmin] \x1b[37;44m 200 \x1b[0m \x1b[37;104m GET   \x1b[0m /admin/info/manager"
time="2019-12-02T18:49:13+08:00" level=info msg="[GoAdmin] \x1b[37;44m 200 \x1b[0m \x1b[37;104m GET   \x1b[0m /admin/info/roles"
time="2019-12-02T18:49:13+08:00" level=info msg="[GoAdmin] \x1b[37;44m 200 \x1b[0m \x1b[37;104m GET   \x1b[0m /admin/info/permission"
time="2019-12-02T18:49:15+08:00" level=info msg="[GoAdmin] \x1b[37;44m 200 \x1b[0m \x1b[37;104m GET   \x1b[0m /admin/info/roles"
time="2019-12-02T18:49:15+08:00" level=info msg="[GoAdmin] \x1b[37;44m 200 \x1b[0m \x1b[37;104m GET   \x1b[0m /admin/info/manager"
time="2019-12-02T18:49:16+08:00" level=info msg="[GoAdmin] \x1b[37;44m 200 \x1b[0m \x1b[37;104m GET   \x1b[0m /admin/info/permission"
time="2019-12-02T18:49:17+08:00" level=info msg="[GoAdmin] \x1b[37;44m 200 \x1b[0m \x1b[37;104m GET   \x1b[0m /admin/menu"
time="2019-12-02T18:49:21+08:00" level=info msg="[GoAdmin] \x1b[37;44m 200 \x1b[0m \x1b[37;104m GET   \x1b[0m /admin/info/manager"
time="2019-12-02T18:49:24+08:00" level=info msg="[GoAdmin] \x1b[37;44m 200 \x1b[0m \x1b[37;104m GET   \x1b[0m /admin/info/op"
time="2019-12-02T18:49:27+08:00" level=info msg="[GoAdmin] \x1b[37;44m 200 \x1b[0m \x1b[37;104m GET   \x1b[0m /admin/menu"
time="2019-12-02T18:49:28+08:00" level=info msg="[GoAdmin] \x1b[37;44m 200 \x1b[0m \x1b[37;104m GET   \x1b[0m /admin/info/op"
time="2019-12-02T18:49:30+08:00" level=info msg="[GoAdmin] \x1b[37;44m 200 \x1b[0m \x1b[37;104m GET   \x1b[0m /admin/info/op"
time="2019-12-02T18:49:31+08:00" level=info msg="[GoAdmin] \x1b[37;44m 200 \x1b[0m \x1b[37;104m GET   \x1b[0m /admin/info/op"
time="2019-12-02T18:49:32+08:00" level=info msg="[GoAdmin] \x1b[37;44m 200 \x1b[0m \x1b[37;104m GET   \x1b[0m /admin/info/op"
time="2019-12-02T18:49:45+08:00" level=info msg="[GoAdmin] \x1b[37;44m 200 \x1b[0m \x1b[37;104m GET   \x1b[0m /admin/info/manager"
time="2019-12-02T18:49:52+08:00" level=info msg="[GoAdmin] \x1b[37;44m 200 \x1b[0m \x1b[37;104m GET   \x1b[0m /admin/info/manager/new"
time="2019-12-02T18:49:52+08:00" level=info msg="[GoAdmin] \x1b[37;44m 200 \x1b[0m \x1b[37;104m GET   \x1b[0m /admin/assets/dist/fonts/glyphicons-halflings-regular.woff2"
time="2019-12-02T18:49:56+08:00" level=info msg="[GoAdmin] \x1b[37;44m 200 \x1b[0m \x1b[37;104m GET   \x1b[0m /admin/assets/dist/css/fonts/6xKydSBYKcSV-LCoeQqfX1RYOo3i54rwlxdr.ttf"
time="2019-12-02T18:49:56+08:00" level=info msg="[GoAdmin] \x1b[37;44m 200 \x1b[0m \x1b[37;104m GET   \x1b[0m /admin/assets/dist/fonts/ionicons.ttf"
time="2019-12-02T18:50:07+08:00" level=info msg="[GoAdmin] \x1b[37;44m 200 \x1b[0m \x1b[37;104m GET   \x1b[0m /admin/info/roles"
time="2019-12-02T18:54:31+08:00" level=info msg="[GoAdmin] \x1b[37;44m 200 \x1b[0m \x1b[37;104m GET   \x1b[0m /admin/login"
time="2019-12-02T18:54:32+08:00" level=info msg="[GoAdmin] \x1b[37;44m 200 \x1b[0m \x1b[37;104m GET   \x1b[0m /admin/assets/login/dist/all.min.css"
time="2019-12-02T18:54:32+08:00" level=info msg="[GoAdmin] \x1b[37;44m 200 \x1b[0m \x1b[37;104m GET   \x1b[0m /admin/assets/login/dist/all.min.js"
time="2019-12-02T18:54:35+08:00" level=info msg="[GoAdmin] \x1b[37;44m 200 \x1b[0m \x1b[37;104m POST   \x1b[0m /admin/signin"
time="2019-12-02T18:54:35+08:00" level=info msg="[GoAdmin] \x1b[37;44m 200 \x1b[0m \x1b[37;104m GET   \x1b[0m /admin/info/manager"
time="2019-12-02T18:54:35+08:00" level=info msg="[GoAdmin] \x1b[37;44m 200 \x1b[0m \x1b[37;104m GET   \x1b[0m /admin/assets/dist/img/avatar04.png"
time="2019-12-02T18:54:35+08:00" level=info msg="[GoAdmin] \x1b[37;44m 200 \x1b[0m \x1b[37;104m GET   \x1b[0m /admin/assets/dist/css/all.min.css"
time="2019-12-02T18:54:35+08:00" level=info msg="[GoAdmin] \x1b[37;44m 200 \x1b[0m \x1b[37;104m GET   \x1b[0m /admin/assets/dist/js/content.min.js"
time="2019-12-02T18:54:35+08:00" level=info msg="[GoAdmin] \x1b[37;44m 200 \x1b[0m \x1b[37;104m GET   \x1b[0m /admin/assets/dist/js/all.min.js"
time="2019-12-02T18:54:35+08:00" level=info msg="[GoAdmin] \x1b[37;44m 200 \x1b[0m \x1b[37;104m GET   \x1b[0m /admin/assets/chart.min.js"
time="2019-12-02T18:54:35+08:00" level=info msg="[GoAdmin] \x1b[37;44m 200 \x1b[0m \x1b[37;104m GET   \x1b[0m /admin/assets/dist/js/all_2.min.js"
time="2019-12-02T18:54:35+08:00" level=info msg="[GoAdmin] \x1b[37;44m 200 \x1b[0m \x1b[37;104m GET   \x1b[0m /admin/assets/dist/fonts/fontawesome-webfont.woff2"
time="2019-12-02T18:54:35+08:00" level=info msg="[GoAdmin] \x1b[37;44m 200 \x1b[0m \x1b[37;104m GET   \x1b[0m /admin/assets/dist/css/fonts/6xK3dSBYKcSV-LCoeQqfX1RYOo3qOK7g.ttf"
time="2019-12-02T18:54:35+08:00" level=info msg="[GoAdmin] \x1b[37;44m 200 \x1b[0m \x1b[37;104m GET   \x1b[0m /admin/assets/dist/css/fonts/6xKydSBYKcSV-LCoeQqfX1RYOo3ik4zwlxdr.ttf"
time="2019-12-02T18:54:35+08:00" level=info msg="[GoAdmin] \x1b[37;44m 200 \x1b[0m \x1b[37;104m GET   \x1b[0m /admin/assets/dist/css/blue.png"
time="2019-12-02T18:54:35+08:00" level=info msg="[GoAdmin] \x1b[37;44m 200 \x1b[0m \x1b[37;104m GET   \x1b[0m /admin/assets/dist/css/fonts/6xKydSBYKcSV-LCoeQqfX1RYOo3ig4vwlxdr.ttf"
time="2019-12-02T18:58:14+08:00" level=info msg="[GoAdmin] \x1b[37;44m 200 \x1b[0m \x1b[37;104m GET   \x1b[0m /admin/assets/dist/css/all.min.css"
time="2019-12-02T18:58:14+08:00" level=info msg="[GoAdmin] \x1b[37;44m 200 \x1b[0m \x1b[37;104m GET   \x1b[0m /admin/assets/dist/img/avatar04.png"
time="2019-12-02T18:58:14+08:00" level=info msg="[GoAdmin] \x1b[37;44m 200 \x1b[0m \x1b[37;104m GET   \x1b[0m /admin/assets/dist/js/content.min.js"
time="2019-12-02T18:58:14+08:00" level=info msg="[GoAdmin] \x1b[37;44m 200 \x1b[0m \x1b[37;104m GET   \x1b[0m /admin/assets/dist/js/all.min.js"
time="2019-12-02T18:58:14+08:00" level=info msg="[GoAdmin] \x1b[37;44m 200 \x1b[0m \x1b[37;104m GET   \x1b[0m /admin/assets/chart.min.js"
time="2019-12-02T18:58:14+08:00" level=info msg="[GoAdmin] \x1b[37;44m 200 \x1b[0m \x1b[37;104m GET   \x1b[0m /admin/assets/dist/js/all_2.min.js"
time="2019-12-02T18:58:14+08:00" level=info msg="[GoAdmin] \x1b[37;44m 200 \x1b[0m \x1b[37;104m GET   \x1b[0m /admin/assets/dist/fonts/fontawesome-webfont.woff2"
time="2019-12-02T18:58:14+08:00" level=info msg="[GoAdmin] \x1b[37;44m 200 \x1b[0m \x1b[37;104m GET   \x1b[0m /admin/assets/dist/css/fonts/6xK3dSBYKcSV-LCoeQqfX1RYOo3qOK7g.ttf"
time="2019-12-02T18:58:14+08:00" level=info msg="[GoAdmin] \x1b[37;44m 200 \x1b[0m \x1b[37;104m GET   \x1b[0m /admin/assets/dist/css/fonts/6xKydSBYKcSV-LCoeQqfX1RYOo3ig4vwlxdr.ttf"
time="2019-12-02T18:58:14+08:00" level=info msg="[GoAdmin] \x1b[37;44m 200 \x1b[0m \x1b[37;104m GET   \x1b[0m /admin/assets/dist/css/fonts/6xKydSBYKcSV-LCoeQqfX1RYOo3i54rwlxdr.ttf"
time="2019-12-02T18:58:14+08:00" level=info msg="[GoAdmin] \x1b[37;44m 200 \x1b[0m \x1b[37;104m GET   \x1b[0m /admin/assets/dist/css/fonts/6xKydSBYKcSV-LCoeQqfX1RYOo3ik4zwlxdr.ttf"
time="2019-12-02T18:58:14+08:00" level=info msg="[GoAdmin] \x1b[37;44m 200 \x1b[0m \x1b[37;104m GET   \x1b[0m /admin/assets/dist/fonts/ionicons.ttf"
time="2019-12-02T18:58:18+08:00" level=info msg="[GoAdmin] \x1b[37;44m 200 \x1b[0m \x1b[37;104m GET   \x1b[0m /admin/info/manager"
time="2019-12-02T18:58:18+08:00" level=info msg="[GoAdmin] \x1b[37;44m 200 \x1b[0m \x1b[37;104m GET   \x1b[0m /admin/assets/dist/css/blue.png"
time="2019-12-02T18:58:18+08:00" level=info msg="[GoAdmin] \x1b[37;44m 200 \x1b[0m \x1b[37;104m GET   \x1b[0m /admin/assets/dist/js/content.min.js"
time="2019-12-02T18:58:18+08:00" level=info msg="[GoAdmin] \x1b[37;44m 200 \x1b[0m \x1b[37;104m GET   \x1b[0m /admin/assets/chart.min.js"
time="2019-12-02T18:58:19+08:00" level=info msg="[GoAdmin] \x1b[37;44m 200 \x1b[0m \x1b[37;104m GET   \x1b[0m /admin/info/roles"
time="2019-12-02T18:58:20+08:00" level=info msg="[GoAdmin] \x1b[37;44m 200 \x1b[0m \x1b[37;104m GET   \x1b[0m /admin/info/permission"
time="2019-12-02T18:58:20+08:00" level=info msg="[GoAdmin] \x1b[37;44m 200 \x1b[0m \x1b[37;104m GET   \x1b[0m /admin/menu"
time="2019-12-02T18:58:21+08:00" level=info msg="[GoAdmin] \x1b[37;44m 200 \x1b[0m \x1b[37;104m GET   \x1b[0m /admin/assets/dist/js/form.min.js"
time="2019-12-02T18:58:22+08:00" level=info msg="[GoAdmin] \x1b[37;44m 200 \x1b[0m \x1b[37;104m GET   \x1b[0m /admin/info/op"
time="2019-12-02T18:58:22+08:00" level=info msg="[GoAdmin] \x1b[37;44m 200 \x1b[0m \x1b[37;104m GET   \x1b[0m /admin/menu"
time="2019-12-02T18:58:26+08:00" level=info msg="[GoAdmin] \x1b[37;44m 200 \x1b[0m \x1b[37;104m GET   \x1b[0m /admin/menu"
time="2019-12-02T18:58:28+08:00" level=info msg="[GoAdmin] \x1b[37;44m 200 \x1b[0m \x1b[37;104m GET   \x1b[0m /admin/info/manager"
time="2019-12-02T18:58:31+08:00" level=info msg="[GoAdmin] \x1b[37;44m 302 \x1b[0m \x1b[37;104m GET   \x1b[0m /admin/logout"
time="2019-12-02T18:58:31+08:00" level=info msg="[GoAdmin] \x1b[37;44m 200 \x1b[0m \x1b[37;104m GET   \x1b[0m /admin/login"
time="2019-12-02T18:58:31+08:00" level=info msg="[GoAdmin] \x1b[37;44m 302 \x1b[0m \x1b[37;104m GET   \x1b[0m /admin/logout"
time="2019-12-02T18:58:31+08:00" level=info msg="[GoAdmin] \x1b[37;44m 200 \x1b[0m \x1b[37;104m GET   \x1b[0m /admin/login"
time="2019-12-02T18:58:31+08:00" level=info msg="[GoAdmin] \x1b[37;44m 200 \x1b[0m \x1b[37;104m GET   \x1b[0m /admin/assets/login/dist/all.min.css"
time="2019-12-02T18:58:31+08:00" level=info msg="[GoAdmin] \x1b[37;44m 200 \x1b[0m \x1b[37;104m GET   \x1b[0m /admin/assets/login/dist/all.min.js"
time="2019-12-02T18:58:35+08:00" level=info msg="[GoAdmin] \x1b[37;44m 200 \x1b[0m \x1b[37;104m POST   \x1b[0m /admin/signin"
time="2019-12-02T18:58:35+08:00" level=info msg="[GoAdmin] \x1b[37;44m 200 \x1b[0m \x1b[37;104m GET   \x1b[0m /admin/info/manager"
time="2019-12-02T18:58:35+08:00" level=info msg="[GoAdmin] \x1b[37;44m 200 \x1b[0m \x1b[37;104m GET   \x1b[0m /admin/assets/dist/img/avatar04.png"
time="2019-12-02T18:58:35+08:00" level=info msg="[GoAdmin] \x1b[37;44m 200 \x1b[0m \x1b[37;104m GET   \x1b[0m /admin/assets/dist/css/all.min.css"
time="2019-12-02T18:58:35+08:00" level=info msg="[GoAdmin] \x1b[37;44m 200 \x1b[0m \x1b[37;104m GET   \x1b[0m /admin/assets/dist/js/content.min.js"
time="2019-12-02T18:58:35+08:00" level=info msg="[GoAdmin] \x1b[37;44m 200 \x1b[0m \x1b[37;104m GET   \x1b[0m /admin/assets/dist/js/all.min.js"
time="2019-12-02T18:58:35+08:00" level=info msg="[GoAdmin] \x1b[37;44m 200 \x1b[0m \x1b[37;104m GET   \x1b[0m /admin/assets/chart.min.js"
time="2019-12-02T18:58:35+08:00" level=info msg="[GoAdmin] \x1b[37;44m 200 \x1b[0m \x1b[37;104m GET   \x1b[0m /admin/assets/dist/js/all_2.min.js"
time="2019-12-02T18:58:35+08:00" level=info msg="[GoAdmin] \x1b[37;44m 200 \x1b[0m \x1b[37;104m GET   \x1b[0m /admin/assets/dist/fonts/fontawesome-webfont.woff2"
time="2019-12-02T18:58:35+08:00" level=info msg="[GoAdmin] \x1b[37;44m 200 \x1b[0m \x1b[37;104m GET   \x1b[0m /admin/assets/dist/css/fonts/6xK3dSBYKcSV-LCoeQqfX1RYOo3qOK7g.ttf"
time="2019-12-02T18:58:35+08:00" level=info msg="[GoAdmin] \x1b[37;44m 200 \x1b[0m \x1b[37;104m GET   \x1b[0m /admin/assets/dist/css/fonts/6xKydSBYKcSV-LCoeQqfX1RYOo3ik4zwlxdr.ttf"
time="2019-12-02T18:58:35+08:00" level=info msg="[GoAdmin] \x1b[37;44m 200 \x1b[0m \x1b[37;104m GET   \x1b[0m /admin/assets/dist/css/fonts/6xKydSBYKcSV-LCoeQqfX1RYOo3ig4vwlxdr.ttf"
time="2019-12-02T18:58:35+08:00" level=info msg="[GoAdmin] \x1b[37;44m 200 \x1b[0m \x1b[37;104m GET   \x1b[0m /admin/assets/dist/css/blue.png"
time="2019-12-02T18:58:45+08:00" level=info msg="[GoAdmin] \x1b[37;44m 200 \x1b[0m \x1b[37;104m GET   \x1b[0m /admin/info/manager"
time="2019-12-02T18:58:45+08:00" level=info msg="[GoAdmin] \x1b[37;44m 200 \x1b[0m \x1b[37;104m GET   \x1b[0m /admin/assets/dist/js/content.min.js"
time="2019-12-02T18:58:45+08:00" level=info msg="[GoAdmin] \x1b[37;44m 200 \x1b[0m \x1b[37;104m GET   \x1b[0m /admin/assets/chart.min.js"
time="2019-12-02T18:58:47+08:00" level=info msg="[GoAdmin] \x1b[37;44m 200 \x1b[0m \x1b[37;104m GET   \x1b[0m /admin/info/manager"
time="2019-12-02T18:58:48+08:00" level=info msg="[GoAdmin] \x1b[37;44m 200 \x1b[0m \x1b[37;104m GET   \x1b[0m /admin/info/roles"
time="2019-12-02T18:58:48+08:00" level=info msg="[GoAdmin] \x1b[37;44m 200 \x1b[0m \x1b[37;104m GET   \x1b[0m /admin/info/permission"
time="2019-12-02T18:59:45+08:00" level=info msg="[GoAdmin] \x1b[37;44m 200 \x1b[0m \x1b[37;104m GET   \x1b[0m /admin/info/manager"
time="2019-12-02T19:00:10+08:00" level=info msg="[GoAdmin] \x1b[37;44m 200 \x1b[0m \x1b[37;104m GET   \x1b[0m /admin/info/roles"
time="2019-12-02T19:00:12+08:00" level=info msg="[GoAdmin] \x1b[37;44m 200 \x1b[0m \x1b[37;104m GET   \x1b[0m /admin/info/roles/edit"
time="2019-12-02T19:00:12+08:00" level=info msg="[GoAdmin] \x1b[37;44m 200 \x1b[0m \x1b[37;104m GET   \x1b[0m /admin/assets/dist/fonts/glyphicons-halflings-regular.woff2"
time="2019-12-02T19:00:12+08:00" level=info msg="[GoAdmin] \x1b[37;44m 200 \x1b[0m \x1b[37;104m GET   \x1b[0m /admin/assets/dist/js/form.min.js"
time="2019-12-02T19:00:27+08:00" level=info msg="[GoAdmin] \x1b[37;44m 200 \x1b[0m \x1b[37;104m GET   \x1b[0m /admin/info/permission"
time="2019-12-02T19:00:30+08:00" level=info msg="[GoAdmin] \x1b[37;44m 200 \x1b[0m \x1b[37;104m GET   \x1b[0m /admin/info/permission/edit"
time="2019-12-02T19:00:37+08:00" level=info msg="[GoAdmin] \x1b[37;44m 200 \x1b[0m \x1b[37;104m GET   \x1b[0m /admin/info/permission"
time="2019-12-02T19:00:42+08:00" level=info msg="[GoAdmin] \x1b[37;44m 200 \x1b[0m \x1b[37;104m GET   \x1b[0m /admin/info/permission/edit"
time="2019-12-02T19:00:50+08:00" level=info msg="[GoAdmin] \x1b[37;44m 200 \x1b[0m \x1b[37;104m GET   \x1b[0m /admin/info/permission"
time="2019-12-02T19:00:53+08:00" level=info msg="[GoAdmin] \x1b[37;44m 200 \x1b[0m \x1b[37;104m GET   \x1b[0m /admin/info/permission/edit"
time="2019-12-02T19:00:59+08:00" level=info msg="[GoAdmin] \x1b[37;44m 200 \x1b[0m \x1b[37;104m GET   \x1b[0m /admin/info/permission"
time="2019-12-02T19:01:00+08:00" level=info msg="[GoAdmin] \x1b[37;44m 200 \x1b[0m \x1b[37;104m GET   \x1b[0m /admin/menu"
time="2019-12-02T19:01:08+08:00" level=info msg="[GoAdmin] \x1b[37;44m 200 \x1b[0m \x1b[37;104m GET   \x1b[0m /admin/info/manager"
time="2019-12-03T10:56:04+08:00" level=info msg="[GoAdmin] \x1b[37;44m 200 \x1b[0m \x1b[37;104m GET   \x1b[0m /admin/login"
time="2019-12-03T10:56:04+08:00" level=info msg="[GoAdmin] \x1b[37;44m 200 \x1b[0m \x1b[37;104m GET   \x1b[0m /admin/assets/login/dist/all.min.css"
time="2019-12-03T10:56:04+08:00" level=info msg="[GoAdmin] \x1b[37;44m 200 \x1b[0m \x1b[37;104m GET   \x1b[0m /admin/assets/login/dist/all.min.js"
time="2019-12-03T10:56:07+08:00" level=info msg="[GoAdmin] \x1b[37;44m 200 \x1b[0m \x1b[37;104m POST   \x1b[0m /admin/signin"
time="2019-12-03T10:56:07+08:00" level=info msg="[GoAdmin] \x1b[37;44m 200 \x1b[0m \x1b[37;104m GET   \x1b[0m /admin/info/manager"
time="2019-12-03T10:56:07+08:00" level=info msg="[GoAdmin] \x1b[37;44m 200 \x1b[0m \x1b[37;104m GET   \x1b[0m /admin/assets/dist/img/avatar04.png"
time="2019-12-03T10:56:07+08:00" level=info msg="[GoAdmin] \x1b[37;44m 200 \x1b[0m \x1b[37;104m GET   \x1b[0m /admin/assets/dist/css/all.min.css"
time="2019-12-03T10:56:08+08:00" level=info msg="[GoAdmin] \x1b[37;44m 200 \x1b[0m \x1b[37;104m GET   \x1b[0m /admin/assets/dist/js/content.min.js"
time="2019-12-03T10:56:08+08:00" level=info msg="[GoAdmin] \x1b[37;44m 200 \x1b[0m \x1b[37;104m GET   \x1b[0m /admin/assets/dist/js/all.min.js"
time="2019-12-03T10:56:08+08:00" level=info msg="[GoAdmin] \x1b[37;44m 200 \x1b[0m \x1b[37;104m GET   \x1b[0m /admin/assets/chart.min.js"
time="2019-12-03T10:56:08+08:00" level=info msg="[GoAdmin] \x1b[37;44m 200 \x1b[0m \x1b[37;104m GET   \x1b[0m /admin/assets/dist/js/all_2.min.js"
time="2019-12-03T10:56:08+08:00" level=info msg="[GoAdmin] \x1b[37;44m 200 \x1b[0m \x1b[37;104m GET   \x1b[0m /admin/assets/dist/fonts/fontawesome-webfont.woff2"
time="2019-12-03T10:56:08+08:00" level=info msg="[GoAdmin] \x1b[37;44m 200 \x1b[0m \x1b[37;104m GET   \x1b[0m /admin/assets/dist/css/fonts/6xK3dSBYKcSV-LCoeQqfX1RYOo3qOK7g.ttf"
time="2019-12-03T10:56:08+08:00" level=info msg="[GoAdmin] \x1b[37;44m 200 \x1b[0m \x1b[37;104m GET   \x1b[0m /admin/assets/dist/css/fonts/6xKydSBYKcSV-LCoeQqfX1RYOo3ik4zwlxdr.ttf"
time="2019-12-03T10:56:08+08:00" level=info msg="[GoAdmin] \x1b[37;44m 200 \x1b[0m \x1b[37;104m GET   \x1b[0m /admin/assets/dist/css/fonts/6xKydSBYKcSV-LCoeQqfX1RYOo3ig4vwlxdr.ttf"
time="2019-12-03T10:56:08+08:00" level=info msg="[GoAdmin] \x1b[37;44m 200 \x1b[0m \x1b[37;104m GET   \x1b[0m /admin/assets/dist/css/blue.png"
time="2019-12-03T10:56:12+08:00" level=info msg="[GoAdmin] \x1b[37;44m 200 \x1b[0m \x1b[37;104m GET   \x1b[0m /admin/menu"
time="2019-12-03T10:56:13+08:00" level=info msg="[GoAdmin] \x1b[37;44m 200 \x1b[0m \x1b[37;104m GET   \x1b[0m /admin/assets/dist/js/content.min.js"
time="2019-12-03T10:56:13+08:00" level=info msg="[GoAdmin] \x1b[37;44m 200 \x1b[0m \x1b[37;104m GET   \x1b[0m /admin/assets/chart.min.js"
time="2019-12-03T10:56:13+08:00" level=info msg="[GoAdmin] \x1b[37;44m 200 \x1b[0m \x1b[37;104m GET   \x1b[0m /admin/assets/dist/js/form.min.js"
time="2019-12-03T10:56:13+08:00" level=info msg="[GoAdmin] \x1b[37;44m 200 \x1b[0m \x1b[37;104m GET   \x1b[0m /admin/info/permission"
time="2019-12-03T10:56:14+08:00" level=info msg="[GoAdmin] \x1b[37;44m 200 \x1b[0m \x1b[37;104m GET   \x1b[0m /admin/info/roles"
time="2019-12-03T10:56:15+08:00" level=info msg="[GoAdmin] \x1b[37;44m 200 \x1b[0m \x1b[37;104m GET   \x1b[0m /admin/info/manager"
time="2019-12-03T11:06:02+08:00" level=info msg="[GoAdmin] \x1b[37;44m 200 \x1b[0m \x1b[37;104m GET   \x1b[0m /admin/assets/dist/img/avatar04.png"
time="2019-12-03T11:06:02+08:00" level=info msg="[GoAdmin] \x1b[37;44m 200 \x1b[0m \x1b[37;104m GET   \x1b[0m /admin/assets/dist/css/all.min.css"
time="2019-12-03T11:06:02+08:00" level=info msg="[GoAdmin] \x1b[37;44m 200 \x1b[0m \x1b[37;104m GET   \x1b[0m /admin/assets/dist/js/content.min.js"
time="2019-12-03T11:06:02+08:00" level=info msg="[GoAdmin] \x1b[37;44m 200 \x1b[0m \x1b[37;104m GET   \x1b[0m /admin/assets/dist/js/all.min.js"
time="2019-12-03T11:06:02+08:00" level=info msg="[GoAdmin] \x1b[37;44m 200 \x1b[0m \x1b[37;104m GET   \x1b[0m /admin/assets/chart.min.js"
time="2019-12-03T11:06:02+08:00" level=info msg="[GoAdmin] \x1b[37;44m 200 \x1b[0m \x1b[37;104m GET   \x1b[0m /admin/assets/dist/js/all_2.min.js"
time="2019-12-03T11:06:02+08:00" level=info msg="[GoAdmin] \x1b[37;44m 200 \x1b[0m \x1b[37;104m GET   \x1b[0m /admin/assets/dist/fonts/fontawesome-webfont.woff2"
time="2019-12-03T11:06:02+08:00" level=info msg="[GoAdmin] \x1b[37;44m 200 \x1b[0m \x1b[37;104m GET   \x1b[0m /admin/assets/dist/css/fonts/6xK3dSBYKcSV-LCoeQqfX1RYOo3qOK7g.ttf"
time="2019-12-03T11:06:02+08:00" level=info msg="[GoAdmin] \x1b[37;44m 200 \x1b[0m \x1b[37;104m GET   \x1b[0m /admin/assets/dist/css/fonts/6xKydSBYKcSV-LCoeQqfX1RYOo3ig4vwlxdr.ttf"
time="2019-12-03T11:06:02+08:00" level=info msg="[GoAdmin] \x1b[37;44m 200 \x1b[0m \x1b[37;104m GET   \x1b[0m /admin/assets/dist/css/fonts/6xKydSBYKcSV-LCoeQqfX1RYOo3i54rwlxdr.ttf"
time="2019-12-03T11:06:02+08:00" level=info msg="[GoAdmin] \x1b[37;44m 200 \x1b[0m \x1b[37;104m GET   \x1b[0m /admin/assets/dist/css/fonts/6xKydSBYKcSV-LCoeQqfX1RYOo3ik4zwlxdr.ttf"
time="2019-12-03T11:06:03+08:00" level=info msg="[GoAdmin] \x1b[37;44m 200 \x1b[0m \x1b[37;104m GET   \x1b[0m /admin/assets/dist/fonts/ionicons.ttf"
time="2019-12-03T11:06:10+08:00" level=info msg="[GoAdmin] \x1b[37;44m 200 \x1b[0m \x1b[37;104m GET   \x1b[0m /admin/menu"
time="2019-12-03T11:06:10+08:00" level=info msg="[GoAdmin] \x1b[37;44m 200 \x1b[0m \x1b[37;104m GET   \x1b[0m /admin/assets/dist/js/content.min.js"
time="2019-12-03T11:06:10+08:00" level=info msg="[GoAdmin] \x1b[37;44m 200 \x1b[0m \x1b[37;104m GET   \x1b[0m /admin/assets/chart.min.js"
time="2019-12-03T11:06:10+08:00" level=info msg="[GoAdmin] \x1b[37;44m 200 \x1b[0m \x1b[37;104m GET   \x1b[0m /admin/assets/dist/js/form.min.js"
time="2019-12-03T11:23:34+08:00" level=info msg="[GoAdmin] \x1b[37;44m 200 \x1b[0m \x1b[37;104m GET   \x1b[0m /admin/assets/dist/img/avatar04.png"
time="2019-12-03T11:23:34+08:00" level=info msg="[GoAdmin] \x1b[37;44m 200 \x1b[0m \x1b[37;104m GET   \x1b[0m /admin/assets/dist/css/all.min.css"
time="2019-12-03T11:23:34+08:00" level=info msg="[GoAdmin] \x1b[37;44m 200 \x1b[0m \x1b[37;104m GET   \x1b[0m /admin/assets/dist/js/content.min.js"
time="2019-12-03T11:23:34+08:00" level=info msg="[GoAdmin] \x1b[37;44m 200 \x1b[0m \x1b[37;104m GET   \x1b[0m /admin/assets/dist/js/all.min.js"
time="2019-12-03T11:23:34+08:00" level=info msg="[GoAdmin] \x1b[37;44m 200 \x1b[0m \x1b[37;104m GET   \x1b[0m /admin/assets/chart.min.js"
time="2019-12-03T11:23:34+08:00" level=info msg="[GoAdmin] \x1b[37;44m 200 \x1b[0m \x1b[37;104m GET   \x1b[0m /admin/assets/dist/js/all_2.min.js"
time="2019-12-03T11:23:35+08:00" level=info msg="[GoAdmin] \x1b[37;44m 200 \x1b[0m \x1b[37;104m GET   \x1b[0m /admin/assets/dist/fonts/fontawesome-webfont.woff2"
time="2019-12-03T11:23:35+08:00" level=info msg="[GoAdmin] \x1b[37;44m 200 \x1b[0m \x1b[37;104m GET   \x1b[0m /admin/assets/dist/css/fonts/6xK3dSBYKcSV-LCoeQqfX1RYOo3qOK7g.ttf"
time="2019-12-03T11:23:35+08:00" level=info msg="[GoAdmin] \x1b[37;44m 200 \x1b[0m \x1b[37;104m GET   \x1b[0m /admin/assets/dist/css/fonts/6xKydSBYKcSV-LCoeQqfX1RYOo3ig4vwlxdr.ttf"
time="2019-12-03T11:23:35+08:00" level=info msg="[GoAdmin] \x1b[37;44m 200 \x1b[0m \x1b[37;104m GET   \x1b[0m /admin/assets/dist/css/fonts/6xKydSBYKcSV-LCoeQqfX1RYOo3i54rwlxdr.ttf"
time="2019-12-03T11:23:35+08:00" level=info msg="[GoAdmin] \x1b[37;44m 200 \x1b[0m \x1b[37;104m GET   \x1b[0m /admin/assets/dist/css/fonts/6xKydSBYKcSV-LCoeQqfX1RYOo3ik4zwlxdr.ttf"
time="2019-12-03T11:23:35+08:00" level=info msg="[GoAdmin] \x1b[37;44m 200 \x1b[0m \x1b[37;104m GET   \x1b[0m /admin/assets/dist/fonts/ionicons.ttf"
time="2019-12-03T11:24:00+08:00" level=info msg="[GoAdmin] \x1b[37;44m 200 \x1b[0m \x1b[37;104m GET   \x1b[0m /admin/info/users"
time="2019-12-03T11:24:00+08:00" level=info msg="[GoAdmin] \x1b[37;44m 200 \x1b[0m \x1b[37;104m GET   \x1b[0m /admin/assets/dist/img/avatar04.png"
time="2019-12-03T11:24:00+08:00" level=info msg="[GoAdmin] \x1b[37;44m 200 \x1b[0m \x1b[37;104m GET   \x1b[0m /admin/assets/dist/css/all.min.css"
time="2019-12-03T11:24:00+08:00" level=info msg="[GoAdmin] \x1b[37;44m 200 \x1b[0m \x1b[37;104m GET   \x1b[0m /admin/assets/dist/js/content.min.js"
time="2019-12-03T11:24:00+08:00" level=info msg="[GoAdmin] \x1b[37;44m 200 \x1b[0m \x1b[37;104m GET   \x1b[0m /admin/assets/dist/js/all.min.js"
time="2019-12-03T11:24:00+08:00" level=info msg="[GoAdmin] \x1b[37;44m 200 \x1b[0m \x1b[37;104m GET   \x1b[0m /admin/assets/chart.min.js"
time="2019-12-03T11:24:00+08:00" level=info msg="[GoAdmin] \x1b[37;44m 200 \x1b[0m \x1b[37;104m GET   \x1b[0m /admin/assets/dist/js/all_2.min.js"
time="2019-12-03T11:24:00+08:00" level=info msg="[GoAdmin] \x1b[37;44m 200 \x1b[0m \x1b[37;104m GET   \x1b[0m /admin/assets/dist/fonts/fontawesome-webfont.woff2"
time="2019-12-03T11:24:00+08:00" level=info msg="[GoAdmin] \x1b[37;44m 200 \x1b[0m \x1b[37;104m GET   \x1b[0m /admin/assets/dist/css/fonts/6xK3dSBYKcSV-LCoeQqfX1RYOo3qOK7g.ttf"
time="2019-12-03T11:24:00+08:00" level=info msg="[GoAdmin] \x1b[37;44m 200 \x1b[0m \x1b[37;104m GET   \x1b[0m /admin/assets/dist/css/fonts/6xKydSBYKcSV-LCoeQqfX1RYOo3ik4zwlxdr.ttf"
time="2019-12-03T11:24:00+08:00" level=info msg="[GoAdmin] \x1b[37;44m 200 \x1b[0m \x1b[37;104m GET   \x1b[0m /admin/assets/dist/css/fonts/6xKydSBYKcSV-LCoeQqfX1RYOo3ig4vwlxdr.ttf"
time="2019-12-03T11:24:00+08:00" level=info msg="[GoAdmin] \x1b[37;44m 200 \x1b[0m \x1b[37;104m GET   \x1b[0m /admin/assets/dist/css/blue.png"
time="2019-12-03T11:24:11+08:00" level=info msg="[GoAdmin] \x1b[37;44m 200 \x1b[0m \x1b[37;104m GET   \x1b[0m /admin/info/users"
time="2019-12-03T11:24:11+08:00" level=info msg="[GoAdmin] \x1b[37;44m 200 \x1b[0m \x1b[37;104m GET   \x1b[0m /admin/assets/dist/img/avatar04.png"
time="2019-12-03T11:24:11+08:00" level=info msg="[GoAdmin] \x1b[37;44m 200 \x1b[0m \x1b[37;104m GET   \x1b[0m /admin/assets/dist/css/all.min.css"
time="2019-12-03T11:24:11+08:00" level=info msg="[GoAdmin] \x1b[37;44m 200 \x1b[0m \x1b[37;104m GET   \x1b[0m /admin/assets/dist/js/content.min.js"
time="2019-12-03T11:24:11+08:00" level=info msg="[GoAdmin] \x1b[37;44m 200 \x1b[0m \x1b[37;104m GET   \x1b[0m /admin/assets/dist/js/all.min.js"
time="2019-12-03T11:24:11+08:00" level=info msg="[GoAdmin] \x1b[37;44m 200 \x1b[0m \x1b[37;104m GET   \x1b[0m /admin/assets/chart.min.js"
time="2019-12-03T11:24:11+08:00" level=info msg="[GoAdmin] \x1b[37;44m 200 \x1b[0m \x1b[37;104m GET   \x1b[0m /admin/assets/dist/js/all_2.min.js"
time="2019-12-03T11:24:11+08:00" level=info msg="[GoAdmin] \x1b[37;44m 200 \x1b[0m \x1b[37;104m GET   \x1b[0m /admin/assets/dist/fonts/fontawesome-webfont.woff2"
time="2019-12-03T11:24:11+08:00" level=info msg="[GoAdmin] \x1b[37;44m 200 \x1b[0m \x1b[37;104m GET   \x1b[0m /admin/assets/dist/css/fonts/6xK3dSBYKcSV-LCoeQqfX1RYOo3qOK7g.ttf"
time="2019-12-03T11:24:11+08:00" level=info msg="[GoAdmin] \x1b[37;44m 200 \x1b[0m \x1b[37;104m GET   \x1b[0m /admin/assets/dist/css/fonts/6xKydSBYKcSV-LCoeQqfX1RYOo3ik4zwlxdr.ttf"
time="2019-12-03T11:24:11+08:00" level=info msg="[GoAdmin] \x1b[37;44m 200 \x1b[0m \x1b[37;104m GET   \x1b[0m /admin/assets/dist/css/fonts/6xKydSBYKcSV-LCoeQqfX1RYOo3ig4vwlxdr.ttf"
time="2019-12-03T11:24:11+08:00" level=info msg="[GoAdmin] \x1b[37;44m 200 \x1b[0m \x1b[37;104m GET   \x1b[0m /admin/assets/dist/css/blue.png"
time="2019-12-03T11:24:19+08:00" level=info msg="[GoAdmin] \x1b[37;44m 200 \x1b[0m \x1b[37;104m GET   \x1b[0m /admin/info/users/new"
time="2019-12-03T11:24:20+08:00" level=info msg="[GoAdmin] \x1b[37;44m 200 \x1b[0m \x1b[37;104m GET   \x1b[0m /admin/assets/dist/js/content.min.js"
time="2019-12-03T11:24:20+08:00" level=info msg="[GoAdmin] \x1b[37;44m 200 \x1b[0m \x1b[37;104m GET   \x1b[0m /admin/assets/chart.min.js"
time="2019-12-03T11:24:20+08:00" level=info msg="[GoAdmin] \x1b[37;44m 200 \x1b[0m \x1b[37;104m GET   \x1b[0m /admin/assets/dist/js/form.min.js"
time="2019-12-03T11:24:32+08:00" level=info msg="[GoAdmin] \x1b[37;44m 200 \x1b[0m \x1b[37;104m POST   \x1b[0m /admin/new/users"
time="2019-12-03T11:24:32+08:00" level=info msg="[GoAdmin] \x1b[37;44m 200 \x1b[0m \x1b[37;104m GET   \x1b[0m /admin/assets/dist/css/fonts/6xKydSBYKcSV-LCoeQqfX1RYOo3i54rwlxdr.ttf"
time="2019-12-03T11:24:53+08:00" level=info msg="[GoAdmin] \x1b[37;44m 200 \x1b[0m \x1b[37;104m GET   \x1b[0m /admin/assets/dist/fonts/glyphicons-halflings-regular.woff2"
time="2019-12-03T11:25:03+08:00" level=info msg="[GoAdmin] \x1b[37;44m 200 \x1b[0m \x1b[37;104m POST   \x1b[0m /admin/new/users"
time="2019-12-03T11:25:06+08:00" level=info msg="[GoAdmin] \x1b[37;44m 200 \x1b[0m \x1b[37;104m GET   \x1b[0m /admin/info/users/edit"
time="2019-12-03T11:25:09+08:00" level=info msg="[GoAdmin] \x1b[37;44m 200 \x1b[0m \x1b[37;104m GET   \x1b[0m /admin/info/users"
time="2019-12-03T11:32:00+08:00" level=info msg="[GoAdmin] \x1b[37;44m 200 \x1b[0m \x1b[37;104m GET   \x1b[0m /admin/assets/dist/img/avatar04.png"
time="2019-12-03T11:32:00+08:00" level=info msg="[GoAdmin] \x1b[37;44m 200 \x1b[0m \x1b[37;104m GET   \x1b[0m /admin/assets/dist/css/all.min.css"
time="2019-12-03T11:32:00+08:00" level=info msg="[GoAdmin] \x1b[37;44m 200 \x1b[0m \x1b[37;104m GET   \x1b[0m /admin/assets/dist/js/content.min.js"
time="2019-12-03T11:32:00+08:00" level=info msg="[GoAdmin] \x1b[37;44m 200 \x1b[0m \x1b[37;104m GET   \x1b[0m /admin/assets/dist/js/all.min.js"
time="2019-12-03T11:32:00+08:00" level=info msg="[GoAdmin] \x1b[37;44m 200 \x1b[0m \x1b[37;104m GET   \x1b[0m /admin/assets/chart.min.js"
time="2019-12-03T11:32:00+08:00" level=info msg="[GoAdmin] \x1b[37;44m 200 \x1b[0m \x1b[37;104m GET   \x1b[0m /admin/assets/dist/js/all_2.min.js"
time="2019-12-03T11:32:00+08:00" level=info msg="[GoAdmin] \x1b[37;44m 200 \x1b[0m \x1b[37;104m GET   \x1b[0m /admin/assets/dist/fonts/fontawesome-webfont.woff2"
time="2019-12-03T11:32:00+08:00" level=info msg="[GoAdmin] \x1b[37;44m 200 \x1b[0m \x1b[37;104m GET   \x1b[0m /admin/assets/dist/css/fonts/6xK3dSBYKcSV-LCoeQqfX1RYOo3qOK7g.ttf"
time="2019-12-03T11:32:00+08:00" level=info msg="[GoAdmin] \x1b[37;44m 200 \x1b[0m \x1b[37;104m GET   \x1b[0m /admin/assets/dist/css/fonts/6xKydSBYKcSV-LCoeQqfX1RYOo3ig4vwlxdr.ttf"
time="2019-12-03T11:32:00+08:00" level=info msg="[GoAdmin] \x1b[37;44m 200 \x1b[0m \x1b[37;104m GET   \x1b[0m /admin/assets/dist/css/fonts/6xKydSBYKcSV-LCoeQqfX1RYOo3i54rwlxdr.ttf"
time="2019-12-03T11:32:00+08:00" level=info msg="[GoAdmin] \x1b[37;44m 200 \x1b[0m \x1b[37;104m GET   \x1b[0m /admin/assets/dist/css/fonts/6xKydSBYKcSV-LCoeQqfX1RYOo3ik4zwlxdr.ttf"
time="2019-12-03T11:32:00+08:00" level=info msg="[GoAdmin] \x1b[37;44m 200 \x1b[0m \x1b[37;104m GET   \x1b[0m /admin/assets/dist/fonts/ionicons.ttf"
time="2019-12-03T11:32:09+08:00" level=info msg="[GoAdmin] \x1b[37;44m 200 \x1b[0m \x1b[37;104m GET   \x1b[0m /admin/info/users"
time="2019-12-03T11:32:09+08:00" level=info msg="[GoAdmin] \x1b[37;44m 200 \x1b[0m \x1b[37;104m GET   \x1b[0m /admin/assets/dist/img/avatar04.png"
time="2019-12-03T11:32:09+08:00" level=info msg="[GoAdmin] \x1b[37;44m 200 \x1b[0m \x1b[37;104m GET   \x1b[0m /admin/assets/dist/css/all.min.css"
time="2019-12-03T11:32:09+08:00" level=info msg="[GoAdmin] \x1b[37;44m 200 \x1b[0m \x1b[37;104m GET   \x1b[0m /admin/assets/dist/js/content.min.js"
time="2019-12-03T11:32:09+08:00" level=info msg="[GoAdmin] \x1b[37;44m 200 \x1b[0m \x1b[37;104m GET   \x1b[0m /admin/assets/dist/js/all.min.js"
time="2019-12-03T11:32:09+08:00" level=info msg="[GoAdmin] \x1b[37;44m 200 \x1b[0m \x1b[37;104m GET   \x1b[0m /admin/assets/chart.min.js"
time="2019-12-03T11:32:09+08:00" level=info msg="[GoAdmin] \x1b[37;44m 200 \x1b[0m \x1b[37;104m GET   \x1b[0m /admin/assets/dist/js/all_2.min.js"
time="2019-12-03T11:32:09+08:00" level=info msg="[GoAdmin] \x1b[37;44m 200 \x1b[0m \x1b[37;104m GET   \x1b[0m /admin/assets/dist/fonts/fontawesome-webfont.woff2"
time="2019-12-03T11:32:09+08:00" level=info msg="[GoAdmin] \x1b[37;44m 200 \x1b[0m \x1b[37;104m GET   \x1b[0m /admin/assets/dist/css/fonts/6xK3dSBYKcSV-LCoeQqfX1RYOo3qOK7g.ttf"
time="2019-12-03T11:32:09+08:00" level=info msg="[GoAdmin] \x1b[37;44m 200 \x1b[0m \x1b[37;104m GET   \x1b[0m /admin/assets/dist/css/fonts/6xKydSBYKcSV-LCoeQqfX1RYOo3ik4zwlxdr.ttf"
time="2019-12-03T11:32:09+08:00" level=info msg="[GoAdmin] \x1b[37;44m 200 \x1b[0m \x1b[37;104m GET   \x1b[0m /admin/assets/dist/css/fonts/6xKydSBYKcSV-LCoeQqfX1RYOo3ig4vwlxdr.ttf"
time="2019-12-03T11:32:10+08:00" level=info msg="[GoAdmin] \x1b[37;44m 200 \x1b[0m \x1b[37;104m GET   \x1b[0m /admin/assets/dist/css/blue.png"
time="2019-12-03T11:32:12+08:00" level=info msg="[GoAdmin] \x1b[37;44m 200 \x1b[0m \x1b[37;104m GET   \x1b[0m /admin/info/users/edit"
time="2019-12-03T11:32:12+08:00" level=info msg="[GoAdmin] \x1b[37;44m 200 \x1b[0m \x1b[37;104m GET   \x1b[0m /admin/assets/dist/js/content.min.js"
time="2019-12-03T11:32:12+08:00" level=info msg="[GoAdmin] \x1b[37;44m 200 \x1b[0m \x1b[37;104m GET   \x1b[0m /admin/assets/chart.min.js"
time="2019-12-03T11:32:12+08:00" level=info msg="[GoAdmin] \x1b[37;44m 200 \x1b[0m \x1b[37;104m GET   \x1b[0m /admin/assets/dist/js/form.min.js"
time="2019-12-03T11:33:12+08:00" level=info msg="[GoAdmin] \x1b[37;44m 200 \x1b[0m \x1b[37;104m GET   \x1b[0m /admin/assets/dist/img/avatar04.png"
time="2019-12-03T11:33:12+08:00" level=info msg="[GoAdmin] \x1b[37;44m 200 \x1b[0m \x1b[37;104m GET   \x1b[0m /admin/assets/dist/css/all.min.css"
time="2019-12-03T11:33:12+08:00" level=info msg="[GoAdmin] \x1b[37;44m 200 \x1b[0m \x1b[37;104m GET   \x1b[0m /admin/assets/dist/js/content.min.js"
time="2019-12-03T11:33:12+08:00" level=info msg="[GoAdmin] \x1b[37;44m 200 \x1b[0m \x1b[37;104m GET   \x1b[0m /admin/assets/dist/js/all.min.js"
time="2019-12-03T11:33:12+08:00" level=info msg="[GoAdmin] \x1b[37;44m 200 \x1b[0m \x1b[37;104m GET   \x1b[0m /admin/assets/chart.min.js"
time="2019-12-03T11:33:12+08:00" level=info msg="[GoAdmin] \x1b[37;44m 200 \x1b[0m \x1b[37;104m GET   \x1b[0m /admin/assets/dist/js/all_2.min.js"
time="2019-12-03T11:33:13+08:00" level=info msg="[GoAdmin] \x1b[37;44m 200 \x1b[0m \x1b[37;104m GET   \x1b[0m /admin/assets/dist/fonts/fontawesome-webfont.woff2"
time="2019-12-03T11:33:13+08:00" level=info msg="[GoAdmin] \x1b[37;44m 200 \x1b[0m \x1b[37;104m GET   \x1b[0m /admin/assets/dist/css/fonts/6xK3dSBYKcSV-LCoeQqfX1RYOo3qOK7g.ttf"
time="2019-12-03T11:33:13+08:00" level=info msg="[GoAdmin] \x1b[37;44m 200 \x1b[0m \x1b[37;104m GET   \x1b[0m /admin/assets/dist/css/fonts/6xKydSBYKcSV-LCoeQqfX1RYOo3ig4vwlxdr.ttf"
time="2019-12-03T11:33:13+08:00" level=info msg="[GoAdmin] \x1b[37;44m 200 \x1b[0m \x1b[37;104m GET   \x1b[0m /admin/assets/dist/css/fonts/6xKydSBYKcSV-LCoeQqfX1RYOo3i54rwlxdr.ttf"
time="2019-12-03T11:33:13+08:00" level=info msg="[GoAdmin] \x1b[37;44m 200 \x1b[0m \x1b[37;104m GET   \x1b[0m /admin/assets/dist/css/fonts/6xKydSBYKcSV-LCoeQqfX1RYOo3ik4zwlxdr.ttf"
time="2019-12-03T11:33:13+08:00" level=info msg="[GoAdmin] \x1b[37;44m 200 \x1b[0m \x1b[37;104m GET   \x1b[0m /admin/assets/dist/fonts/ionicons.ttf"
time="2019-12-03T11:33:16+08:00" level=info msg="[GoAdmin] \x1b[37;44m 200 \x1b[0m \x1b[37;104m GET   \x1b[0m /admin/info/users"
time="2019-12-03T11:33:16+08:00" level=info msg="[GoAdmin] \x1b[37;44m 200 \x1b[0m \x1b[37;104m GET   \x1b[0m /admin/assets/dist/img/avatar04.png"
time="2019-12-03T11:33:17+08:00" level=info msg="[GoAdmin] \x1b[37;44m 200 \x1b[0m \x1b[37;104m GET   \x1b[0m /admin/assets/dist/css/all.min.css"
time="2019-12-03T11:33:17+08:00" level=info msg="[GoAdmin] \x1b[37;44m 200 \x1b[0m \x1b[37;104m GET   \x1b[0m /admin/assets/dist/js/content.min.js"
time="2019-12-03T11:33:17+08:00" level=info msg="[GoAdmin] \x1b[37;44m 200 \x1b[0m \x1b[37;104m GET   \x1b[0m /admin/assets/dist/js/all.min.js"
time="2019-12-03T11:33:17+08:00" level=info msg="[GoAdmin] \x1b[37;44m 200 \x1b[0m \x1b[37;104m GET   \x1b[0m /admin/assets/chart.min.js"
time="2019-12-03T11:33:17+08:00" level=info msg="[GoAdmin] \x1b[37;44m 200 \x1b[0m \x1b[37;104m GET   \x1b[0m /admin/assets/dist/js/all_2.min.js"
time="2019-12-03T11:33:17+08:00" level=info msg="[GoAdmin] \x1b[37;44m 200 \x1b[0m \x1b[37;104m GET   \x1b[0m /admin/assets/dist/fonts/fontawesome-webfont.woff2"
time="2019-12-03T11:33:17+08:00" level=info msg="[GoAdmin] \x1b[37;44m 200 \x1b[0m \x1b[37;104m GET   \x1b[0m /admin/assets/dist/css/fonts/6xK3dSBYKcSV-LCoeQqfX1RYOo3qOK7g.ttf"
time="2019-12-03T11:33:17+08:00" level=info msg="[GoAdmin] \x1b[37;44m 200 \x1b[0m \x1b[37;104m GET   \x1b[0m /admin/assets/dist/css/blue.png"
time="2019-12-03T11:33:17+08:00" level=info msg="[GoAdmin] \x1b[37;44m 200 \x1b[0m \x1b[37;104m GET   \x1b[0m /admin/assets/dist/css/fonts/6xKydSBYKcSV-LCoeQqfX1RYOo3ig4vwlxdr.ttf"
time="2019-12-03T11:33:17+08:00" level=info msg="[GoAdmin] \x1b[37;44m 200 \x1b[0m \x1b[37;104m GET   \x1b[0m /admin/assets/dist/css/fonts/6xKydSBYKcSV-LCoeQqfX1RYOo3ik4zwlxdr.ttf"
time="2019-12-03T11:33:20+08:00" level=info msg="[GoAdmin] \x1b[37;44m 200 \x1b[0m \x1b[37;104m GET   \x1b[0m /admin/info/users/edit"
time="2019-12-03T11:33:20+08:00" level=info msg="[GoAdmin] \x1b[37;44m 200 \x1b[0m \x1b[37;104m GET   \x1b[0m /admin/assets/dist/js/content.min.js"
time="2019-12-03T11:33:20+08:00" level=info msg="[GoAdmin] \x1b[37;44m 200 \x1b[0m \x1b[37;104m GET   \x1b[0m /admin/assets/chart.min.js"
time="2019-12-03T11:33:20+08:00" level=info msg="[GoAdmin] \x1b[37;44m 200 \x1b[0m \x1b[37;104m GET   \x1b[0m /admin/assets/dist/js/form.min.js"
time="2019-12-03T11:33:25+08:00" level=info msg="[GoAdmin] \x1b[37;44m 200 \x1b[0m \x1b[37;104m GET   \x1b[0m /admin/info/users"
time="2019-12-03T11:33:27+08:00" level=info msg="[GoAdmin] \x1b[37;44m 200 \x1b[0m \x1b[37;104m GET   \x1b[0m /admin/info/users/edit"
time="2019-12-03T11:33:32+08:00" level=info msg="[GoAdmin] \x1b[37;44m 200 \x1b[0m \x1b[37;104m GET   \x1b[0m /admin/info/users"
time="2019-12-03T11:33:33+08:00" level=info msg="[GoAdmin] \x1b[37;44m 200 \x1b[0m \x1b[37;104m GET   \x1b[0m /admin/info/users/edit"
time="2019-12-03T11:33:38+08:00" level=info msg="[GoAdmin] \x1b[37;44m 200 \x1b[0m \x1b[37;104m POST   \x1b[0m /admin/edit/users"
time="2019-12-03T11:33:51+08:00" level=info msg="[GoAdmin] \x1b[37;44m 200 \x1b[0m \x1b[37;104m GET   \x1b[0m /admin/info/users"
time="2019-12-03T11:34:02+08:00" level=info msg="[GoAdmin] \x1b[37;44m 200 \x1b[0m \x1b[37;104m GET   \x1b[0m /admin/info/users/edit"
time="2019-12-03T11:34:04+08:00" level=info msg="[GoAdmin] \x1b[37;44m 200 \x1b[0m \x1b[37;104m GET   \x1b[0m /admin/info/users"
time="2019-12-03T11:34:11+08:00" level=info msg="[GoAdmin] \x1b[37;44m 200 \x1b[0m \x1b[37;104m GET   \x1b[0m /admin/info/users"
time="2019-12-03T11:34:11+08:00" level=info msg="[GoAdmin] \x1b[37;44m 200 \x1b[0m \x1b[37;104m GET   \x1b[0m /admin/assets/dist/img/avatar04.png"
time="2019-12-03T11:34:11+08:00" level=info msg="[GoAdmin] \x1b[37;44m 200 \x1b[0m \x1b[37;104m GET   \x1b[0m /admin/assets/dist/css/all.min.css"
time="2019-12-03T11:34:11+08:00" level=info msg="[GoAdmin] \x1b[37;44m 200 \x1b[0m \x1b[37;104m GET   \x1b[0m /admin/assets/dist/js/content.min.js"
time="2019-12-03T11:34:11+08:00" level=info msg="[GoAdmin] \x1b[37;44m 200 \x1b[0m \x1b[37;104m GET   \x1b[0m /admin/assets/dist/js/all.min.js"
time="2019-12-03T11:34:11+08:00" level=info msg="[GoAdmin] \x1b[37;44m 200 \x1b[0m \x1b[37;104m GET   \x1b[0m /admin/assets/chart.min.js"
time="2019-12-03T11:34:11+08:00" level=info msg="[GoAdmin] \x1b[37;44m 200 \x1b[0m \x1b[37;104m GET   \x1b[0m /admin/assets/dist/js/all_2.min.js"
time="2019-12-03T11:34:11+08:00" level=info msg="[GoAdmin] \x1b[37;44m 200 \x1b[0m \x1b[37;104m GET   \x1b[0m /admin/assets/dist/fonts/fontawesome-webfont.woff2"
time="2019-12-03T11:34:11+08:00" level=info msg="[GoAdmin] \x1b[37;44m 200 \x1b[0m \x1b[37;104m GET   \x1b[0m /admin/assets/dist/css/fonts/6xK3dSBYKcSV-LCoeQqfX1RYOo3qOK7g.ttf"
time="2019-12-03T11:34:11+08:00" level=info msg="[GoAdmin] \x1b[37;44m 200 \x1b[0m \x1b[37;104m GET   \x1b[0m /admin/assets/dist/css/fonts/6xKydSBYKcSV-LCoeQqfX1RYOo3ik4zwlxdr.ttf"
time="2019-12-03T11:34:11+08:00" level=info msg="[GoAdmin] \x1b[37;44m 200 \x1b[0m \x1b[37;104m GET   \x1b[0m /admin/assets/dist/css/fonts/6xKydSBYKcSV-LCoeQqfX1RYOo3ig4vwlxdr.ttf"
time="2019-12-03T11:34:11+08:00" level=info msg="[GoAdmin] \x1b[37;44m 200 \x1b[0m \x1b[37;104m GET   \x1b[0m /admin/assets/dist/css/blue.png"
time="2019-12-03T11:34:13+08:00" level=info msg="[GoAdmin] \x1b[37;44m 200 \x1b[0m \x1b[37;104m GET   \x1b[0m /admin/info/users/edit"
time="2019-12-03T11:34:13+08:00" level=info msg="[GoAdmin] \x1b[37;44m 200 \x1b[0m \x1b[37;104m GET   \x1b[0m /admin/assets/dist/js/content.min.js"
time="2019-12-03T11:34:13+08:00" level=info msg="[GoAdmin] \x1b[37;44m 200 \x1b[0m \x1b[37;104m GET   \x1b[0m /admin/assets/chart.min.js"
time="2019-12-03T11:34:13+08:00" level=info msg="[GoAdmin] \x1b[37;44m 200 \x1b[0m \x1b[37;104m GET   \x1b[0m /admin/assets/dist/js/form.min.js"
time="2019-12-03T11:34:23+08:00" level=info msg="[GoAdmin] \x1b[37;44m 200 \x1b[0m \x1b[37;104m POST   \x1b[0m /admin/edit/users"
time="2019-12-03T11:34:35+08:00" level=info msg="[GoAdmin] \x1b[37;44m 200 \x1b[0m \x1b[37;104m GET   \x1b[0m /admin/assets/dist/css/fonts/6xKydSBYKcSV-LCoeQqfX1RYOo3i54rwlxdr.ttf"
time="2019-12-03T11:34:35+08:00" level=info msg="[GoAdmin] \x1b[37;44m 200 \x1b[0m \x1b[37;104m GET   \x1b[0m /admin/assets/dist/fonts/ionicons.ttf"
time="2019-12-03T11:34:46+08:00" level=info msg="[GoAdmin] \x1b[37;44m 200 \x1b[0m \x1b[37;104m GET   \x1b[0m /admin/info/op"
